<?xml version="1.0" encoding="UTF-8"?>
<!-- Generated by org.testng.reporters.JUnitReportReporter -->
<testsuite hostname="DESKTOP-TQOT31I" failures="0" tests="1" name="First_Script.OrangeHRM" time="1.141" errors="0" timestamp="2023-04-21T06:51:32 IST" skipped="0">
  <testcase classname="First_Script.OrangeHRM" name="loginPage" time="1.141"/>
  <system-out/>
</testsuite> <!-- First_Script.OrangeHRM -->
