<?xml version="1.0" encoding="UTF-8"?>
<!-- Generated by org.testng.reporters.JUnitReportReporter -->
<testsuite hostname="DESKTOP-TQOT31I" failures="0" tests="1" name="First_Script.Scroll_Script" time="17.036" errors="0" timestamp="2023-04-20T09:20:19 IST" skipped="0">
  <testcase classname="First_Script.Scroll_Script" name="ScrollPage" time="17.036"/>
  <system-out/>
</testsuite> <!-- First_Script.Scroll_Script -->
