<?xml version="1.0" encoding="UTF-8"?>
<!-- Generated by org.testng.reporters.JUnitReportReporter -->
<testsuite hostname="DESKTOP-TQOT31I" failures="0" tests="1" name="First_Script.First_code" time="3.614" errors="0" timestamp="2023-04-20T09:15:00 IST" skipped="0">
  <testcase classname="First_Script.First_code" name="dropDown" time="3.614"/>
  <system-out/>
</testsuite> <!-- First_Script.First_code -->
