<?xml version="1.0" encoding="UTF-8"?>
<!-- Generated by org.testng.reporters.JUnitReportReporter -->
<testsuite hostname="DESKTOP-TQOT31I" failures="0" tests="1" name="First_Script.PropertyDemoScript" time="1.963" errors="0" timestamp="2023-04-21T09:17:59 IST" skipped="0">
  <testcase classname="First_Script.PropertyDemoScript" name="LoginPage" time="1.963"/>
  <system-out/>
</testsuite> <!-- First_Script.PropertyDemoScript -->
