<?xml version="1.0" encoding="UTF-8"?>
<!-- Generated by org.testng.reporters.JUnitReportReporter -->
<testsuite hostname="DESKTOP-TQOT31I" failures="0" tests="1" name="First_Script.Second_code" time="17.030" errors="0" timestamp="2023-04-20T03:29:28 IST" skipped="0">
  <testcase classname="First_Script.Second_code" name="scrollPage" time="17.030"/>
  <system-out/>
</testsuite> <!-- First_Script.Second_code -->
