<?xml version="1.0" encoding="UTF-8"?>
<!-- Generated by org.testng.reporters.JUnitReportReporter -->
<testsuite hostname="DESKTOP-TQOT31I" failures="0" tests="3" name="SanityTest.HomePage" time="0.270" errors="0" timestamp="2023-05-02T08:47:38 IST" skipped="0">
  <testcase classname="SanityTest.HomePage" name="verifySearchButton" time="0.014"/>
  <system-out/>
  <testcase classname="SanityTest.HomePage" name="verifySignInButton" time="0.005"/>
  <system-out/>
  <testcase classname="SanityTest.HomePage" name="verifyItems" time="0.251"/>
  <system-out/>
</testsuite> <!-- SanityTest.HomePage -->
