<?xml version="1.0" encoding="UTF-8"?>
<!-- Generated by org.testng.reporters.JUnitReportReporter -->
<testsuite hostname="DESKTOP-TQOT31I" failures="0" tests="2" name="SanityTest.Login" time="0.009" errors="0" timestamp="2023-05-02T08:47:38 IST" skipped="0">
  <testcase classname="SanityTest.Login" name="verifyLoginWithEmail" time="0.004"/>
  <system-out/>
  <testcase classname="SanityTest.Login" name="verifyLoginWithMobile" time="0.005"/>
  <system-out/>
</testsuite> <!-- SanityTest.Login -->
