<?xml version="1.0" encoding="UTF-8"?>
<!-- Generated by org.testng.reporters.JUnitReportReporter -->
<testsuite hostname="DESKTOP-TQOT31I" failures="0" tests="5" name="FunctionalTest.Payment" time="0.015" errors="0" timestamp="2023-05-02T09:28:32 IST" skipped="0">
  <testcase classname="FunctionalTest.Payment" name="verifyElectronicItemsPayment" time="0.005"/>
  <system-out/>
  <testcase classname="FunctionalTest.Payment" name="verifyCreditcardPayment" time="0.003"/>
  <system-out/>
  <testcase classname="FunctionalTest.Payment" name="verifyDebitcardPayment" time="0.002"/>
  <system-out/>
  <testcase classname="FunctionalTest.Payment" name="verifyNetBanking" time="0.003"/>
  <system-out/>
  <testcase classname="FunctionalTest.Payment" name="verifyUPIPayment" time="0.002"/>
  <system-out/>
</testsuite> <!-- FunctionalTest.Payment -->
