<?xml version="1.0" encoding="UTF-8"?>
<!-- Generated by org.testng.reporters.JUnitReportReporter -->
<testsuite hostname="DESKTOP-TQOT31I" failures="0" tests="3" name="SanityTest.HomePage" time="0.009" errors="0" timestamp="2023-05-02T09:28:32 IST" skipped="0">
  <testcase classname="SanityTest.HomePage" name="verifyItems" time="0.003"/>
  <system-out/>
  <testcase classname="SanityTest.HomePage" name="verifySignInButton" time="0.004"/>
  <system-out/>
  <testcase classname="SanityTest.HomePage" name="verifySearchButton" time="0.002"/>
  <system-out/>
</testsuite> <!-- SanityTest.HomePage -->
