<?xml version="1.0" encoding="UTF-8"?>
<!-- Generated by org.testng.reporters.JUnitReportReporter -->
<testsuite hostname="DESKTOP-TQOT31I" failures="0" tests="4" name="FunctionalTest.Product" time="0.106" errors="0" timestamp="2023-05-02T09:28:32 IST" skipped="0">
  <testcase classname="FunctionalTest.Product" name="verifyElectronicItems" time="0.097"/>
  <system-out/>
  <testcase classname="FunctionalTest.Product" name="verifyHomeDecor" time="0.004"/>
  <system-out/>
  <testcase classname="FunctionalTest.Product" name="verifyGrocery" time="0.002"/>
  <system-out/>
  <testcase classname="FunctionalTest.Product" name="verifyKitchenApplience" time="0.003"/>
  <system-out/>
</testsuite> <!-- FunctionalTest.Product -->
