<?xml version="1.0" encoding="UTF-8"?>
<!-- Generated by org.testng.reporters.JUnitReportReporter -->
<testsuite hostname="DESKTOP-TQOT31I" failures="0" tests="2" name="SanityTest.Login" time="0.006" errors="0" timestamp="2023-05-02T09:28:32 IST" skipped="0">
  <testcase classname="SanityTest.Login" name="verifyLoginWithEmail" time="0.003"/>
  <system-out/>
  <testcase classname="SanityTest.Login" name="verifyLoginWithMobile" time="0.003"/>
  <system-out/>
</testsuite> <!-- SanityTest.Login -->
